Performing C SOURCE FILE Test CMAKE_HAVE_LIBC_PTHREAD failed with the following output:
Change Dir: /home/grace/catkin_ws/src/ros_dual2equi/build/CMakeFiles/CMakeTmp

Run Build Command(s):/usr/bin/make cmTC_d745f/fast && /usr/bin/make -f CMakeFiles/cmTC_d745f.dir/build.make CMakeFiles/cmTC_d745f.dir/build
make[1]: Entering directory '/home/grace/catkin_ws/src/ros_dual2equi/build/CMakeFiles/CMakeTmp'
Building C object CMakeFiles/cmTC_d745f.dir/src.c.o
/usr/bin/cc   -DCMAKE_HAVE_LIBC_PTHREAD   -o CMakeFiles/cmTC_d745f.dir/src.c.o   -c /home/grace/catkin_ws/src/ros_dual2equi/build/CMakeFiles/CMakeTmp/src.c
Linking C executable cmTC_d745f
/usr/bin/cmake -E cmake_link_script CMakeFiles/cmTC_d745f.dir/link.txt --verbose=1
/usr/bin/cc  -DCMAKE_HAVE_LIBC_PTHREAD    -rdynamic CMakeFiles/cmTC_d745f.dir/src.c.o  -o cmTC_d745f 
/usr/bin/ld: CMakeFiles/cmTC_d745f.dir/src.c.o: in function `main':
src.c:(.text+0x46): undefined reference to `pthread_create'
/usr/bin/ld: src.c:(.text+0x52): undefined reference to `pthread_detach'
/usr/bin/ld: src.c:(.text+0x63): undefined reference to `pthread_join'
collect2: error: ld returned 1 exit status
make[1]: *** [CMakeFiles/cmTC_d745f.dir/build.make:87: cmTC_d745f] Error 1
make[1]: Leaving directory '/home/grace/catkin_ws/src/ros_dual2equi/build/CMakeFiles/CMakeTmp'
make: *** [Makefile:121: cmTC_d745f/fast] Error 2


Source file was:
#include <pthread.h>

void* test_func(void* data)
{
  return data;
}

int main(void)
{
  pthread_t thread;
  pthread_create(&thread, NULL, test_func, NULL);
  pthread_detach(thread);
  pthread_join(thread, NULL);
  pthread_atfork(NULL, NULL, NULL);
  pthread_exit(NULL);

  return 0;
}

Determining if the function pthread_create exists in the pthreads failed with the following output:
Change Dir: /home/grace/catkin_ws/src/ros_dual2equi/build/CMakeFiles/CMakeTmp

Run Build Command(s):/usr/bin/make cmTC_708fd/fast && /usr/bin/make -f CMakeFiles/cmTC_708fd.dir/build.make CMakeFiles/cmTC_708fd.dir/build
make[1]: Entering directory '/home/grace/catkin_ws/src/ros_dual2equi/build/CMakeFiles/CMakeTmp'
Building C object CMakeFiles/cmTC_708fd.dir/CheckFunctionExists.c.o
/usr/bin/cc   -DCHECK_FUNCTION_EXISTS=pthread_create   -o CMakeFiles/cmTC_708fd.dir/CheckFunctionExists.c.o   -c /usr/share/cmake-3.16/Modules/CheckFunctionExists.c
Linking C executable cmTC_708fd
/usr/bin/cmake -E cmake_link_script CMakeFiles/cmTC_708fd.dir/link.txt --verbose=1
/usr/bin/cc  -DCHECK_FUNCTION_EXISTS=pthread_create    -rdynamic CMakeFiles/cmTC_708fd.dir/CheckFunctionExists.c.o  -o cmTC_708fd  -lpthreads 
/usr/bin/ld: cannot find -lpthreads
collect2: error: ld returned 1 exit status
make[1]: *** [CMakeFiles/cmTC_708fd.dir/build.make:87: cmTC_708fd] Error 1
make[1]: Leaving directory '/home/grace/catkin_ws/src/ros_dual2equi/build/CMakeFiles/CMakeTmp'
make: *** [Makefile:121: cmTC_708fd/fast] Error 2



Performing C SOURCE FILE Test CMAKE_HAVE_LIBC_PTHREAD failed with the following output:
Change Dir: /home/grace/catkin_ws/src/ros_dual2equi/build/CMakeFiles/CMakeTmp

Run Build Command(s):/usr/bin/make cmTC_8b3a0/fast && /usr/bin/make -f CMakeFiles/cmTC_8b3a0.dir/build.make CMakeFiles/cmTC_8b3a0.dir/build
make[1]: Entering directory '/home/grace/catkin_ws/src/ros_dual2equi/build/CMakeFiles/CMakeTmp'
Building C object CMakeFiles/cmTC_8b3a0.dir/src.c.o
/usr/bin/cc   -DCMAKE_HAVE_LIBC_PTHREAD   -o CMakeFiles/cmTC_8b3a0.dir/src.c.o   -c /home/grace/catkin_ws/src/ros_dual2equi/build/CMakeFiles/CMakeTmp/src.c
Linking C executable cmTC_8b3a0
/usr/bin/cmake -E cmake_link_script CMakeFiles/cmTC_8b3a0.dir/link.txt --verbose=1
/usr/bin/cc  -DCMAKE_HAVE_LIBC_PTHREAD    -rdynamic CMakeFiles/cmTC_8b3a0.dir/src.c.o  -o cmTC_8b3a0 
/usr/bin/ld: CMakeFiles/cmTC_8b3a0.dir/src.c.o: in function `main':
src.c:(.text+0x46): undefined reference to `pthread_create'
/usr/bin/ld: src.c:(.text+0x52): undefined reference to `pthread_detach'
/usr/bin/ld: src.c:(.text+0x63): undefined reference to `pthread_join'
collect2: error: ld returned 1 exit status
make[1]: *** [CMakeFiles/cmTC_8b3a0.dir/build.make:87: cmTC_8b3a0] Error 1
make[1]: Leaving directory '/home/grace/catkin_ws/src/ros_dual2equi/build/CMakeFiles/CMakeTmp'
make: *** [Makefile:121: cmTC_8b3a0/fast] Error 2


Source file was:
#include <pthread.h>

void* test_func(void* data)
{
  return data;
}

int main(void)
{
  pthread_t thread;
  pthread_create(&thread, NULL, test_func, NULL);
  pthread_detach(thread);
  pthread_join(thread, NULL);
  pthread_atfork(NULL, NULL, NULL);
  pthread_exit(NULL);

  return 0;
}

Determining if the function pthread_create exists in the pthreads failed with the following output:
Change Dir: /home/grace/catkin_ws/src/ros_dual2equi/build/CMakeFiles/CMakeTmp

Run Build Command(s):/usr/bin/make cmTC_37289/fast && /usr/bin/make -f CMakeFiles/cmTC_37289.dir/build.make CMakeFiles/cmTC_37289.dir/build
make[1]: Entering directory '/home/grace/catkin_ws/src/ros_dual2equi/build/CMakeFiles/CMakeTmp'
Building C object CMakeFiles/cmTC_37289.dir/CheckFunctionExists.c.o
/usr/bin/cc   -DCHECK_FUNCTION_EXISTS=pthread_create   -o CMakeFiles/cmTC_37289.dir/CheckFunctionExists.c.o   -c /usr/share/cmake-3.16/Modules/CheckFunctionExists.c
Linking C executable cmTC_37289
/usr/bin/cmake -E cmake_link_script CMakeFiles/cmTC_37289.dir/link.txt --verbose=1
/usr/bin/cc  -DCHECK_FUNCTION_EXISTS=pthread_create    -rdynamic CMakeFiles/cmTC_37289.dir/CheckFunctionExists.c.o  -o cmTC_37289  -lpthreads 
/usr/bin/ld: cannot find -lpthreads
collect2: error: ld returned 1 exit status
make[1]: *** [CMakeFiles/cmTC_37289.dir/build.make:87: cmTC_37289] Error 1
make[1]: Leaving directory '/home/grace/catkin_ws/src/ros_dual2equi/build/CMakeFiles/CMakeTmp'
make: *** [Makefile:121: cmTC_37289/fast] Error 2



Performing C SOURCE FILE Test CMAKE_HAVE_LIBC_PTHREAD failed with the following output:
Change Dir: /home/grace/catkin_ws/src/ros_dual2equi/build/CMakeFiles/CMakeTmp

Run Build Command(s):/usr/bin/make cmTC_bce97/fast && /usr/bin/make -f CMakeFiles/cmTC_bce97.dir/build.make CMakeFiles/cmTC_bce97.dir/build
make[1]: Entering directory '/home/grace/catkin_ws/src/ros_dual2equi/build/CMakeFiles/CMakeTmp'
Building C object CMakeFiles/cmTC_bce97.dir/src.c.o
/usr/bin/cc   -DCMAKE_HAVE_LIBC_PTHREAD   -o CMakeFiles/cmTC_bce97.dir/src.c.o   -c /home/grace/catkin_ws/src/ros_dual2equi/build/CMakeFiles/CMakeTmp/src.c
Linking C executable cmTC_bce97
/usr/bin/cmake -E cmake_link_script CMakeFiles/cmTC_bce97.dir/link.txt --verbose=1
/usr/bin/cc  -DCMAKE_HAVE_LIBC_PTHREAD    -rdynamic CMakeFiles/cmTC_bce97.dir/src.c.o  -o cmTC_bce97 
/usr/bin/ld: CMakeFiles/cmTC_bce97.dir/src.c.o: in function `main':
src.c:(.text+0x46): undefined reference to `pthread_create'
/usr/bin/ld: src.c:(.text+0x52): undefined reference to `pthread_detach'
/usr/bin/ld: src.c:(.text+0x63): undefined reference to `pthread_join'
collect2: error: ld returned 1 exit status
make[1]: *** [CMakeFiles/cmTC_bce97.dir/build.make:87: cmTC_bce97] Error 1
make[1]: Leaving directory '/home/grace/catkin_ws/src/ros_dual2equi/build/CMakeFiles/CMakeTmp'
make: *** [Makefile:121: cmTC_bce97/fast] Error 2


Source file was:
#include <pthread.h>

void* test_func(void* data)
{
  return data;
}

int main(void)
{
  pthread_t thread;
  pthread_create(&thread, NULL, test_func, NULL);
  pthread_detach(thread);
  pthread_join(thread, NULL);
  pthread_atfork(NULL, NULL, NULL);
  pthread_exit(NULL);

  return 0;
}

Determining if the function pthread_create exists in the pthreads failed with the following output:
Change Dir: /home/grace/catkin_ws/src/ros_dual2equi/build/CMakeFiles/CMakeTmp

Run Build Command(s):/usr/bin/make cmTC_a8c17/fast && /usr/bin/make -f CMakeFiles/cmTC_a8c17.dir/build.make CMakeFiles/cmTC_a8c17.dir/build
make[1]: Entering directory '/home/grace/catkin_ws/src/ros_dual2equi/build/CMakeFiles/CMakeTmp'
Building C object CMakeFiles/cmTC_a8c17.dir/CheckFunctionExists.c.o
/usr/bin/cc   -DCHECK_FUNCTION_EXISTS=pthread_create   -o CMakeFiles/cmTC_a8c17.dir/CheckFunctionExists.c.o   -c /usr/share/cmake-3.16/Modules/CheckFunctionExists.c
Linking C executable cmTC_a8c17
/usr/bin/cmake -E cmake_link_script CMakeFiles/cmTC_a8c17.dir/link.txt --verbose=1
/usr/bin/cc  -DCHECK_FUNCTION_EXISTS=pthread_create    -rdynamic CMakeFiles/cmTC_a8c17.dir/CheckFunctionExists.c.o  -o cmTC_a8c17  -lpthreads 
/usr/bin/ld: cannot find -lpthreads
collect2: error: ld returned 1 exit status
make[1]: *** [CMakeFiles/cmTC_a8c17.dir/build.make:87: cmTC_a8c17] Error 1
make[1]: Leaving directory '/home/grace/catkin_ws/src/ros_dual2equi/build/CMakeFiles/CMakeTmp'
make: *** [Makefile:121: cmTC_a8c17/fast] Error 2



